<?xml version="1.0" encoding="UTF-8"?>
<!-- Generated by org.testng.reporters.JUnitReportReporter -->
<testsuite skipped="0" hostname="MyHome-PC" name="sample.sample.sample" tests="1" failures="0" timestamp="2020-02-20T22:30:20 IST" time="0.014" errors="0">
  <testcase name="main" time="0.014" classname="sample.sample.sample"/>
  <system-out/>
</testsuite> <!-- sample.sample.sample -->
